<?xml version="1.0" encoding="UTF-8"?>
<testsuite xmlns:xsi="http://www.w3.org/2001/XMLSchema-instance" xsi:noNamespaceSchemaLocation="https://maven.apache.org/surefire/maven-surefire-plugin/xsd/surefire-test-report-3.0.xsd" version="3.0" name="AutenticazioneClienteTest" time="0.039" tests="5" errors="0" skipped="0" failures="0">
  <properties>
[...]
</properties>
  <testcase name="getEmailTest" classname="AutenticazioneClienteTest" time="0.004"/>
  <testcase name="getPasswordTest" classname="AutenticazioneClienteTest" time="0"/>
  <testcase name="getNomeTest" classname="AutenticazioneClienteTest" time="0"/>
  <testcase name="getCognomeTest" classname="AutenticazioneClienteTest" time="0"/>
  <testcase name="getUsernameTest" classname="AutenticazioneClienteTest" time="0"/>
</testsuite>